2009-05-18 19:48:55 Notice: Notice (1024): Please change the value of 'Security.salt' in app/config/core.php to a salt value specific to your application in [CORE/cake/libs/debugger.php, line 557]
2009-05-18 20:44:10 Notice: Notice (1024): Please change the value of 'Security.salt' in app/config/core.php to a salt value specific to your application in [CORE/cake/libs/debugger.php, line 557]
2009-05-23 19:36:02 Debug: Notice (8): Undefined index:  name in [APP\views\users\home.ctp, line 9]
2009-05-23 19:36:26 Debug: Notice (8): Undefined index:  firstname in [APP\views\users\home.ctp, line 9]
2009-05-23 19:36:27 Debug: Notice (8): Undefined index:  firstname in [APP\views\users\home.ctp, line 9]
2009-05-23 19:36:28 Debug: Notice (8): Undefined index:  firstname in [APP\views\users\home.ctp, line 9]
2009-05-24 19:51:56 Debug: Notice (8): Undefined index:  common_data_user in [APP\views\users\home.ctp, line 21]
2009-05-24 19:54:01 Debug: Notice (8): Undefined index:  common_data_user in [APP\views\users\home.ctp, line 21]
2009-05-24 19:54:02 Debug: Notice (8): Undefined index:  common_data_user in [APP\views\users\home.ctp, line 21]
2009-05-24 19:54:03 Debug: Notice (8): Undefined index:  common_data_user in [APP\views\users\home.ctp, line 21]
2009-05-24 19:54:15 Debug: Notice (8): Undefined index:  common_data_user in [APP\views\users\home.ctp, line 20]
2009-05-24 19:54:16 Debug: Notice (8): Undefined index:  common_data_user in [APP\views\users\home.ctp, line 20]
2009-05-24 20:07:24 Debug: Notice (8): Undefined property: UsersController::$user in [APP\controllers\users_controller.php, line 28]
2009-05-24 20:07:26 Debug: Notice (8): Undefined property: UsersController::$user in [APP\controllers\users_controller.php, line 28]
2009-05-24 20:08:10 Debug: Notice (8): Undefined index:  common_data_user in [APP\views\users\home.ctp, line 20]
2009-05-24 20:21:13 Debug: Notice (8): Undefined index:  common_data_user in [APP\views\users\home.ctp, line 20]
2009-05-24 20:23:08 Debug: Notice (8): Undefined index:  common_data_user in [APP\views\users\home.ctp, line 20]
2009-05-24 20:23:22 Debug: Notice (8): Undefined index:  common_data_user in [APP\views\users\home.ctp, line 20]
2009-05-24 20:23:24 Debug: Notice (8): Undefined index:  common_data_user in [APP\views\users\home.ctp, line 20]
2009-05-24 20:23:25 Debug: Notice (8): Undefined index:  common_data_user in [APP\views\users\home.ctp, line 20]
2009-05-24 20:26:05 Debug: Notice (8): Undefined index:  CommonDataUser in [APP\views\users\home.ctp, line 15]
2009-05-24 20:26:06 Debug: Notice (8): Undefined index:  common_data_user in [APP\views\users\home.ctp, line 21]
2009-05-24 20:26:29 Debug: Notice (8): Undefined index:  common_data_user in [APP\views\users\home.ctp, line 21]
2009-05-26 20:47:35 Debug: Notice (8): Use of undefined constant none - assumed 'none' in [APP\views\layouts\default.ctp, line 71]
2009-06-17 12:42:11 Debug: Notice (8): Undefined variable: javascript in [APP\views\layouts\default.ctp, line 36]
2009-06-17 19:01:03 Debug: Notice (8): Undefined property: UsersController::$Auth in [APP\controllers\users_controller.php, line 9]
2009-06-17 19:24:16 Debug: Notice (8): Undefined variable: ajax in [APP\views\users\home.ctp, line 57]
2009-06-17 19:24:21 Debug: Notice (8): Undefined variable: ajax in [APP\views\users\home.ctp, line 57]
2009-06-19 14:04:14 Debug: Notice (8): Undefined variable: loggedIn in [APP\views\layouts\default.ctp, line 51]
2009-06-19 14:04:14 Debug: Notice (8): Undefined variable: loggedIn in [APP\views\layouts\default.ctp, line 51]
2009-06-19 14:04:14 Debug: Notice (8): Undefined variable: loggedIn in [APP\views\layouts\default.ctp, line 51]
2009-06-19 14:04:34 Debug: Notice (8): Undefined variable: loggedIn in [APP\views\layouts\default.ctp, line 51]
2009-06-19 14:04:34 Debug: Notice (8): Undefined variable: loggedIn in [APP\views\layouts\default.ctp, line 51]
2009-06-19 14:04:34 Debug: Notice (8): Undefined variable: loggedIn in [APP\views\layouts\default.ctp, line 51]
2009-06-19 14:04:41 Debug: Notice (8): Undefined variable: loggedIn in [APP\views\layouts\default.ctp, line 51]
2009-06-19 14:04:41 Debug: Notice (8): Undefined variable: loggedIn in [APP\views\layouts\default.ctp, line 51]
2009-06-19 14:04:41 Debug: Notice (8): Undefined variable: loggedIn in [APP\views\layouts\default.ctp, line 51]
2009-06-19 14:04:41 Debug: Notice (8): Undefined variable: loggedIn in [APP\views\layouts\default.ctp, line 51]
2009-06-19 14:05:13 Debug: Notice (8): Undefined variable: loggedIn in [APP\views\layouts\default.ctp, line 51]
2009-06-19 14:05:13 Debug: Notice (8): Undefined variable: loggedIn in [APP\views\layouts\default.ctp, line 51]
2009-06-19 14:05:13 Debug: Notice (8): Undefined variable: loggedIn in [APP\views\layouts\default.ctp, line 51]
2009-06-19 14:16:36 Debug: Notice (8): Undefined variable: loggedIn in [APP\views\layouts\default.ctp, line 51]
2009-06-19 14:16:36 Debug: Notice (8): Undefined variable: loggedIn in [APP\views\layouts\default.ctp, line 51]
2009-06-19 14:16:36 Debug: Notice (8): Undefined variable: loggedIn in [APP\views\layouts\default.ctp, line 51]
2009-06-19 14:16:45 Debug: Notice (8): Undefined variable: loggedIn in [APP\views\layouts\default.ctp, line 51]
2009-06-19 14:16:45 Debug: Notice (8): Undefined variable: loggedIn in [APP\views\layouts\default.ctp, line 51]
2009-06-19 14:16:45 Debug: Notice (8): Undefined variable: loggedIn in [APP\views\layouts\default.ctp, line 51]
2009-06-19 14:16:49 Debug: Notice (8): Undefined variable: loggedIn in [APP\views\layouts\default.ctp, line 51]
2009-06-19 14:16:49 Debug: Notice (8): Undefined variable: loggedIn in [APP\views\layouts\default.ctp, line 51]
2009-06-19 14:16:49 Debug: Notice (8): Undefined variable: loggedIn in [APP\views\layouts\default.ctp, line 51]
2009-06-19 14:17:28 Debug: Notice (8): Undefined variable: loggedIn in [APP\views\layouts\default.ctp, line 51]
2009-06-19 14:17:28 Debug: Notice (8): Undefined variable: loggedIn in [APP\views\layouts\default.ctp, line 51]
2009-06-19 14:17:28 Debug: Notice (8): Undefined variable: loggedIn in [APP\views\layouts\default.ctp, line 51]
2009-06-19 14:20:56 Debug: Notice (8): Undefined variable: javascript in [APP\views\layouts\default.ctp, line 34]
2009-06-19 14:20:56 Debug: Notice (8): Undefined variable: javascript in [APP\views\layouts\default.ctp, line 34]
2009-06-19 14:20:56 Debug: Notice (8): Undefined variable: javascript in [APP\views\layouts\default.ctp, line 34]
2009-06-19 14:23:46 Debug: Notice (8): Undefined variable: javascript in [APP\views\layouts\default.ctp, line 34]
2009-06-19 14:23:46 Debug: Notice (8): Undefined variable: javascript in [APP\views\layouts\default.ctp, line 34]
2009-06-19 14:23:46 Debug: Notice (8): Undefined variable: javascript in [APP\views\layouts\default.ctp, line 34]
2009-06-19 14:23:59 Debug: Notice (8): Undefined variable: javascript in [APP\views\layouts\default.ctp, line 34]
2009-06-19 14:24:13 Debug: Notice (8): Undefined variable: javascript in [APP\views\layouts\default.ctp, line 34]
2009-06-19 14:24:24 Debug: Notice (8): Undefined variable: javascript in [APP\views\layouts\default.ctp, line 34]
2009-06-19 14:28:06 Debug: Notice (8): Undefined variable: javascript in [APP\views\layouts\default.ctp, line 34]
2009-06-19 14:28:06 Debug: Notice (8): Undefined variable: javascript in [APP\views\layouts\default.ctp, line 34]
2009-06-19 14:28:07 Debug: Notice (8): Undefined variable: javascript in [APP\views\layouts\default.ctp, line 34]
2009-06-19 14:28:19 Debug: Notice (8): Undefined variable: javascript in [APP\views\layouts\default.ctp, line 34]
2009-06-19 14:28:19 Debug: Notice (8): Undefined variable: javascript in [APP\views\layouts\default.ctp, line 34]
2009-06-19 14:28:19 Debug: Notice (8): Undefined variable: javascript in [APP\views\layouts\default.ctp, line 34]
2009-06-19 14:28:38 Debug: Notice (8): Undefined variable: javascript in [APP\views\layouts\default.ctp, line 34]
2009-06-19 14:28:38 Debug: Notice (8): Undefined variable: javascript in [APP\views\layouts\default.ctp, line 34]
2009-06-19 14:28:38 Debug: Notice (8): Undefined variable: javascript in [APP\views\layouts\default.ctp, line 34]
2009-06-19 14:28:39 Debug: Notice (8): Undefined variable: javascript in [APP\views\layouts\default.ctp, line 34]
2009-06-19 14:28:47 Debug: Notice (8): Undefined variable: javascript in [APP\views\layouts\default.ctp, line 34]
2009-06-19 14:28:47 Debug: Notice (8): Undefined variable: javascript in [APP\views\layouts\default.ctp, line 34]
2009-06-19 14:28:47 Debug: Notice (8): Undefined variable: javascript in [APP\views\layouts\default.ctp, line 34]
2009-06-19 16:00:12 Debug: Notice (8): Undefined variable: javascript in [APP\views\layouts\default.ctp, line 34]
2009-06-19 16:00:12 Debug: Notice (8): Undefined variable: javascript in [APP\views\layouts\default.ctp, line 34]
2009-06-19 16:00:12 Debug: Notice (8): Undefined variable: javascript in [APP\views\layouts\default.ctp, line 34]
2009-06-19 16:01:20 Debug: Notice (8): Undefined variable: javascript in [APP\views\layouts\default.ctp, line 34]
2009-06-19 16:01:20 Debug: Notice (8): Undefined variable: javascript in [APP\views\layouts\default.ctp, line 34]
2009-06-19 16:01:20 Debug: Notice (8): Undefined variable: javascript in [APP\views\layouts\default.ctp, line 34]
2009-06-19 16:02:08 Debug: Notice (8): Undefined variable: javascript in [APP\views\layouts\default.ctp, line 34]
2009-06-19 16:02:08 Debug: Notice (8): Undefined variable: javascript in [APP\views\layouts\default.ctp, line 34]
2009-06-19 16:02:08 Debug: Notice (8): Undefined variable: javascript in [APP\views\layouts\default.ctp, line 34]
2009-06-19 16:02:36 Debug: Notice (8): Undefined variable: javascript in [APP\views\layouts\default.ctp, line 34]
2009-06-19 16:02:36 Debug: Notice (8): Undefined variable: javascript in [APP\views\layouts\default.ctp, line 34]
2009-06-19 16:02:36 Debug: Notice (8): Undefined variable: javascript in [APP\views\layouts\default.ctp, line 34]
2009-06-19 16:13:57 Debug: Notice (8): Undefined variable: javascript in [APP\views\layouts\default.ctp, line 34]
2009-06-19 16:13:57 Debug: Notice (8): Undefined variable: javascript in [APP\views\layouts\default.ctp, line 34]
2009-06-19 16:13:57 Debug: Notice (8): Undefined variable: javascript in [APP\views\layouts\default.ctp, line 34]
2009-06-19 16:20:48 Debug: Notice (8): Undefined variable: javascript in [APP\views\layouts\default.ctp, line 34]
2009-06-19 16:20:48 Debug: Notice (8): Undefined variable: javascript in [APP\views\layouts\default.ctp, line 34]
2009-06-19 16:20:48 Debug: Notice (8): Undefined variable: javascript in [APP\views\layouts\default.ctp, line 34]
2009-06-19 16:21:33 Debug: Notice (8): Undefined variable: javascript in [APP\views\layouts\default.ctp, line 34]
2009-06-19 16:21:33 Debug: Notice (8): Undefined variable: javascript in [APP\views\layouts\default.ctp, line 34]
2009-06-19 16:21:33 Debug: Notice (8): Undefined variable: javascript in [APP\views\layouts\default.ctp, line 34]
2009-06-19 16:22:46 Debug: Notice (8): Undefined variable: javascript in [APP\views\layouts\default.ctp, line 34]
2009-06-19 16:22:46 Debug: Notice (8): Undefined variable: javascript in [APP\views\layouts\default.ctp, line 34]
2009-06-19 16:22:46 Debug: Notice (8): Undefined variable: javascript in [APP\views\layouts\default.ctp, line 34]
2009-06-19 16:27:34 Debug: Notice (8): Undefined variable: javascript in [APP\views\layouts\default.ctp, line 34]
2009-06-19 16:27:37 Debug: Notice (8): Undefined variable: javascript in [APP\views\layouts\default.ctp, line 34]
2009-06-19 16:27:40 Debug: Notice (8): Undefined variable: javascript in [APP\views\layouts\default.ctp, line 34]
2009-06-19 16:27:40 Debug: Notice (8): Undefined variable: javascript in [APP\views\layouts\default.ctp, line 34]
2009-06-19 16:27:40 Debug: Notice (8): Undefined variable: javascript in [APP\views\layouts\default.ctp, line 34]
2009-06-19 16:28:06 Debug: Notice (8): Undefined variable: javascript in [APP\views\layouts\default.ctp, line 34]
2009-06-19 16:28:06 Debug: Notice (8): Undefined variable: javascript in [APP\views\layouts\default.ctp, line 34]
2009-06-19 16:28:06 Debug: Notice (8): Undefined variable: javascript in [APP\views\layouts\default.ctp, line 34]
2009-06-19 16:28:25 Debug: Notice (8): Undefined variable: javascript in [APP\views\layouts\default.ctp, line 34]
2009-06-19 16:28:25 Debug: Notice (8): Undefined variable: javascript in [APP\views\layouts\default.ctp, line 34]
2009-06-19 16:28:25 Debug: Notice (8): Undefined variable: javascript in [APP\views\layouts\default.ctp, line 34]
2009-06-19 16:36:20 Debug: Notice (8): Undefined property: CommonDataUsersController::$html in [APP\controllers\common_data_users_controller.php, line 11]
2009-06-19 16:43:42 Debug: Notice (8): Undefined variable: javascript in [APP\views\layouts\default.ctp, line 34]
2009-06-19 16:43:42 Debug: Notice (8): Undefined variable: javascript in [APP\views\layouts\default.ctp, line 34]
2009-06-19 16:43:42 Debug: Notice (8): Undefined variable: javascript in [APP\views\layouts\default.ctp, line 34]
2009-06-19 16:43:52 Debug: Notice (8): Undefined variable: javascript in [APP\views\layouts\default.ctp, line 34]
2009-06-19 16:43:52 Debug: Notice (8): Undefined variable: javascript in [APP\views\layouts\default.ctp, line 34]
2009-06-19 16:43:52 Debug: Notice (8): Undefined variable: javascript in [APP\views\layouts\default.ctp, line 34]
2009-06-19 16:44:11 Debug: Notice (8): Undefined variable: javascript in [APP\views\layouts\default.ctp, line 34]
2009-06-19 16:47:06 Debug: Notice (8): Undefined variable: javascript in [APP\views\layouts\default.ctp, line 34]
2009-06-19 16:47:06 Debug: Notice (8): Undefined variable: javascript in [APP\views\layouts\default.ctp, line 34]
2009-06-19 16:47:06 Debug: Notice (8): Undefined variable: javascript in [APP\views\layouts\default.ctp, line 34]
2009-06-19 16:47:23 Debug: Notice (8): Undefined variable: javascript in [APP\views\layouts\default.ctp, line 34]
2009-06-19 16:47:23 Debug: Notice (8): Undefined variable: javascript in [APP\views\layouts\default.ctp, line 34]
2009-06-19 16:47:23 Debug: Notice (8): Undefined variable: javascript in [APP\views\layouts\default.ctp, line 34]
2009-06-19 16:47:44 Debug: Notice (8): Undefined variable: javascript in [APP\views\layouts\default.ctp, line 34]
2009-06-19 16:47:44 Debug: Notice (8): Undefined variable: javascript in [APP\views\layouts\default.ctp, line 34]
2009-06-19 16:47:44 Debug: Notice (8): Undefined variable: javascript in [APP\views\layouts\default.ctp, line 34]
2009-06-19 16:47:45 Debug: Notice (8): Undefined variable: javascript in [APP\views\layouts\default.ctp, line 34]
2009-06-19 16:47:45 Debug: Notice (8): Undefined variable: javascript in [APP\views\layouts\default.ctp, line 34]
2009-06-19 16:47:45 Debug: Notice (8): Undefined variable: javascript in [APP\views\layouts\default.ctp, line 34]
2009-06-19 17:18:00 Debug: Notice (8): Undefined variable: javascript in [APP\views\layouts\default.ctp, line 34]
2009-06-19 17:18:00 Debug: Notice (8): Undefined variable: javascript in [APP\views\layouts\default.ctp, line 34]
2009-06-19 17:18:00 Debug: Notice (8): Undefined variable: javascript in [APP\views\layouts\default.ctp, line 34]
2009-06-19 17:21:15 Debug: Notice (8): Undefined variable: javascript in [APP\views\layouts\default.ctp, line 34]
2009-06-19 17:21:15 Debug: Notice (8): Undefined variable: javascript in [APP\views\layouts\default.ctp, line 34]
2009-06-19 17:21:15 Debug: Notice (8): Undefined variable: javascript in [APP\views\layouts\default.ctp, line 34]
2009-06-25 14:43:10 Debug: Notice (8): Undefined variable: javascript in [APP\views\layouts\default.ctp, line 34]
2009-06-25 14:43:10 Debug: Notice (8): Undefined variable: javascript in [APP\views\layouts\default.ctp, line 34]
2009-06-25 14:43:10 Debug: Notice (8): Undefined variable: javascript in [APP\views\layouts\default.ctp, line 34]
2009-06-28 11:53:44 Debug: Notice (8): Undefined variable: javascript in [APP\views\layouts\default.ctp, line 34]
2009-06-28 11:53:44 Debug: Notice (8): Undefined variable: javascript in [APP\views\layouts\default.ctp, line 34]
2009-06-28 11:53:44 Debug: Notice (8): Undefined variable: javascript in [APP\views\layouts\default.ctp, line 34]
2009-07-01 11:25:52 Debug: Notice (8): Undefined variable: javascript in [APP\views\layouts\default.ctp, line 34]
2009-07-01 11:25:52 Debug: Notice (8): Undefined variable: javascript in [APP\views\layouts\default.ctp, line 34]
2009-07-01 11:25:52 Debug: Notice (8): Undefined variable: javascript in [APP\views\layouts\default.ctp, line 34]
2009-07-01 16:14:11 Debug: Notice (8): Undefined variable: javascript in [APP\views\layouts\default.ctp, line 34]
2009-07-01 16:14:11 Debug: Notice (8): Undefined variable: javascript in [APP\views\layouts\default.ctp, line 34]
2009-07-01 16:14:11 Debug: Notice (8): Undefined variable: javascript in [APP\views\layouts\default.ctp, line 34]
2009-07-01 18:04:58 Debug: Notice (8): Undefined variable: javascript in [APP\views\layouts\default.ctp, line 34]
2009-07-01 18:04:58 Debug: Notice (8): Undefined variable: javascript in [APP\views\layouts\default.ctp, line 34]
2009-07-01 18:04:59 Debug: Notice (8): Undefined variable: javascript in [APP\views\layouts\default.ctp, line 34]
2009-07-01 18:04:59 Debug: Notice (8): Undefined variable: javascript in [APP\views\layouts\default.ctp, line 34]
2009-07-01 18:04:59 Debug: Notice (8): Undefined variable: javascript in [APP\views\layouts\default.ctp, line 34]
2009-07-01 18:04:59 Debug: Notice (8): Undefined variable: javascript in [APP\views\layouts\default.ctp, line 34]
2009-07-01 18:05:06 Debug: Notice (8): Undefined variable: javascript in [APP\views\layouts\default.ctp, line 34]
2009-07-01 18:05:06 Debug: Notice (8): Undefined variable: javascript in [APP\views\layouts\default.ctp, line 34]
2009-07-01 18:05:06 Debug: Notice (8): Undefined variable: javascript in [APP\views\layouts\default.ctp, line 34]
2009-07-01 18:05:06 Debug: Notice (8): Undefined variable: javascript in [APP\views\layouts\default.ctp, line 34]
2009-07-01 18:05:06 Debug: Notice (8): Undefined variable: javascript in [APP\views\layouts\default.ctp, line 34]
2009-07-01 18:05:06 Debug: Notice (8): Undefined variable: javascript in [APP\views\layouts\default.ctp, line 34]
2009-07-01 18:05:16 Debug: Notice (8): Undefined variable: javascript in [APP\views\layouts\default.ctp, line 34]
2009-07-01 18:05:16 Debug: Notice (8): Undefined variable: javascript in [APP\views\layouts\default.ctp, line 34]
2009-07-01 18:05:16 Debug: Notice (8): Undefined variable: javascript in [APP\views\layouts\default.ctp, line 34]
2009-07-01 18:05:16 Debug: Notice (8): Undefined variable: javascript in [APP\views\layouts\default.ctp, line 34]
2009-07-01 18:05:17 Debug: Notice (8): Undefined variable: javascript in [APP\views\layouts\default.ctp, line 34]
2009-07-01 18:05:17 Debug: Notice (8): Undefined variable: javascript in [APP\views\layouts\default.ctp, line 34]
2009-07-01 18:05:29 Debug: Notice (8): Undefined variable: javascript in [APP\views\layouts\default.ctp, line 34]
2009-07-01 18:05:29 Debug: Notice (8): Undefined variable: javascript in [APP\views\layouts\default.ctp, line 34]
2009-07-01 18:05:29 Debug: Notice (8): Undefined variable: javascript in [APP\views\layouts\default.ctp, line 34]
2009-07-01 18:06:26 Debug: Notice (8): Undefined variable: javascript in [APP\views\layouts\default.ctp, line 34]
2009-07-01 18:06:26 Debug: Notice (8): Undefined variable: javascript in [APP\views\layouts\default.ctp, line 34]
2009-07-01 18:06:26 Debug: Notice (8): Undefined variable: javascript in [APP\views\layouts\default.ctp, line 34]
2009-07-01 18:06:27 Debug: Notice (8): Undefined variable: javascript in [APP\views\layouts\default.ctp, line 34]
2009-07-01 18:06:27 Debug: Notice (8): Undefined variable: javascript in [APP\views\layouts\default.ctp, line 34]
2009-07-01 18:06:27 Debug: Notice (8): Undefined variable: javascript in [APP\views\layouts\default.ctp, line 34]
2009-07-01 18:06:29 Debug: Notice (8): Undefined variable: email in [APP\controllers\users_controller.php, line 61]
2009-07-01 18:07:09 Debug: Notice (8): Undefined variable: email in [APP\controllers\users_controller.php, line 61]
2009-07-01 18:16:10 Debug: Notice (8): Undefined variable: javascript in [APP\views\layouts\default.ctp, line 34]
2009-07-01 18:16:20 Debug: Notice (8): Undefined variable: javascript in [APP\views\layouts\default.ctp, line 34]
2009-07-01 18:16:29 Debug: Notice (8): Undefined variable: javascript in [APP\views\layouts\default.ctp, line 34]
2009-07-01 18:18:04 Debug: Notice (8): Undefined variable: javascript in [APP\views\layouts\default.ctp, line 34]
2009-07-01 18:18:09 Debug: Notice (8): Undefined variable: javascript in [APP\views\layouts\default.ctp, line 34]
2009-07-01 18:18:10 Debug: Notice (8): Undefined variable: javascript in [APP\views\layouts\default.ctp, line 34]
2009-07-01 18:18:10 Debug: Notice (8): Undefined variable: javascript in [APP\views\layouts\default.ctp, line 34]
2009-07-01 18:18:10 Debug: Notice (8): Undefined variable: javascript in [APP\views\layouts\default.ctp, line 34]
2009-07-01 18:18:10 Debug: Notice (8): Undefined variable: javascript in [APP\views\layouts\default.ctp, line 34]
2009-07-01 18:18:16 Debug: Notice (8): Undefined variable: javascript in [APP\views\layouts\default.ctp, line 34]
2009-07-01 18:18:16 Debug: Notice (8): Undefined variable: javascript in [APP\views\layouts\default.ctp, line 34]
2009-07-01 18:18:16 Debug: Notice (8): Undefined variable: javascript in [APP\views\layouts\default.ctp, line 34]
2009-07-01 18:18:35 Debug: Notice (8): Undefined variable: javascript in [APP\views\layouts\default.ctp, line 34]
2009-07-01 18:18:35 Debug: Notice (8): Undefined variable: javascript in [APP\views\layouts\default.ctp, line 34]
2009-07-01 18:18:35 Debug: Notice (8): Undefined variable: javascript in [APP\views\layouts\default.ctp, line 34]
2009-07-01 18:18:40 Debug: Notice (8): Undefined variable: email in [APP\controllers\users_controller.php, line 61]
2009-07-01 18:18:58 Debug: Notice (8): Undefined variable: javascript in [APP\views\layouts\default.ctp, line 34]
2009-07-01 18:21:44 Debug: Notice (8): Undefined variable: javascript in [APP\views\layouts\default.ctp, line 34]
2009-07-01 18:21:48 Debug: Notice (8): Undefined variable: javascript in [APP\views\layouts\default.ctp, line 34]
2009-07-02 11:51:02 Debug: Notice (8): Undefined variable: user in [APP\controllers\users_controller.php, line 61]
2009-07-02 11:58:52 Debug: Notice (8): Undefined variable: user in [APP\controllers\users_controller.php, line 61]
2009-07-02 11:59:29 Debug: Notice (8): Undefined variable: user in [APP\controllers\users_controller.php, line 61]
2009-07-02 11:59:40 Debug: Notice (8): Undefined variable: javascript in [APP\views\layouts\default.ctp, line 34]
2009-07-02 12:03:53 Debug: Notice (8): Undefined property: UsersController::$CommonDataUser in [APP\controllers\users_controller.php, line 61]
2009-07-02 12:04:05 Debug: Notice (8): Undefined property: UsersController::$CommonDataUser in [APP\controllers\users_controller.php, line 61]
2009-07-02 12:10:57 Debug: Notice (8): Undefined property: UsersController::$CommonDataUserasasa in [APP\controllers\users_controller.php, line 61]
2009-07-02 12:14:24 Debug: Notice (8): Undefined variable: user in [APP\controllers\users_controller.php, line 61]
2009-07-02 12:14:32 Debug: Notice (8): Undefined variable: javascript in [APP\views\layouts\default.ctp, line 34]
2009-07-02 12:14:49 Debug: Notice (8): Undefined variable: user in [APP\controllers\users_controller.php, line 61]
2009-07-02 12:15:31 Debug: Notice (8): Undefined variable: javascript in [APP\views\layouts\default.ctp, line 34]
2009-07-02 12:17:29 Debug: Notice (8): Undefined variable: users in [APP\views\users\view.ctp, line 3]
2009-07-02 12:17:49 Debug: Notice (8): Undefined variable: users in [APP\views\users\view.ctp, line 3]
2009-07-02 12:18:04 Debug: Notice (8): Undefined index:  CommonDataUser in [APP\views\users\view.ctp, line 4]
2009-07-02 12:18:04 Debug: Notice (8): Undefined index:  User in [APP\views\users\view.ctp, line 11]
2009-07-02 12:18:35 Debug: Notice (8): Undefined variable: users in [APP\views\users\view.ctp, line 3]
2009-07-02 12:19:38 Debug: Notice (8): Undefined index:  Firstname in [APP\views\users\view.ctp, line 3]
2009-07-02 12:20:14 Debug: Notice (8): Undefined index:  Firstname in [APP\views\users\view.ctp, line 3]
2009-07-02 12:20:20 Debug: Notice (8): Undefined index:  Firstname in [APP\views\users\view.ctp, line 3]
2009-07-02 12:22:35 Debug: Notice (8): Undefined variable: javascript in [APP\views\layouts\default.ctp, line 34]
2009-07-02 12:34:13 Debug: Notice (8): Undefined variable: user in [APP\controllers\users_controller.php, line 61]
2009-07-02 12:35:31 Debug: Notice (8): Undefined variable: user in [APP\controllers\users_controller.php, line 61]
2009-07-02 13:32:23 Debug: Notice (8): Undefined variable: javascript in [APP\views\layouts\default.ctp, line 34]
2009-07-02 13:32:23 Debug: Notice (8): Undefined variable: javascript in [APP\views\layouts\default.ctp, line 34]
2009-07-02 13:32:23 Debug: Notice (8): Undefined variable: javascript in [APP\views\layouts\default.ctp, line 34]
2009-07-02 13:35:25 Debug: Notice (8): Undefined variable: javascript in [APP\views\layouts\default.ctp, line 34]
2009-07-02 13:35:28 Debug: Notice (8): Undefined variable: javascript in [APP\views\layouts\default.ctp, line 34]
2009-07-02 13:35:53 Debug: Notice (8): Undefined variable: javascript in [APP\views\layouts\default.ctp, line 34]
2009-07-02 13:36:01 Debug: Notice (8): Undefined variable: javascript in [APP\views\layouts\default.ctp, line 34]
2009-07-02 13:36:05 Debug: Notice (8): Undefined variable: javascript in [APP\views\layouts\default.ctp, line 34]
2009-07-02 13:36:13 Debug: Notice (8): Undefined variable: javascript in [APP\views\layouts\default.ctp, line 34]
2009-07-02 13:36:17 Debug: Notice (8): Undefined variable: javascript in [APP\views\layouts\default.ctp, line 34]
2009-07-02 13:36:21 Debug: Notice (8): Undefined variable: javascript in [APP\views\layouts\default.ctp, line 34]
2009-07-02 13:36:31 Debug: Notice (8): Undefined variable: javascript in [APP\views\layouts\default.ctp, line 34]
2009-07-02 13:36:36 Debug: Notice (8): Undefined variable: javascript in [APP\views\layouts\default.ctp, line 34]
2009-07-02 13:36:41 Debug: Notice (8): Undefined variable: javascript in [APP\views\layouts\default.ctp, line 34]
2009-07-02 13:37:10 Debug: Notice (8): Undefined variable: javascript in [APP\views\layouts\default.ctp, line 34]
2009-07-02 13:37:21 Debug: Notice (8): Undefined variable: user in [APP\controllers\users_controller.php, line 61]
2009-07-02 13:37:43 Debug: Notice (8): Undefined variable: javascript in [APP\views\layouts\default.ctp, line 34]
2009-07-02 13:39:28 Debug: Notice (8): Undefined variable: user in [APP\controllers\users_controller.php, line 61]
2009-07-02 13:40:19 Debug: Notice (8): Undefined variable: user in [APP\controllers\users_controller.php, line 61]
2009-07-02 13:41:21 Debug: Notice (8): Undefined variable: javascript in [APP\views\layouts\default.ctp, line 34]
2009-07-02 13:42:45 Debug: Notice (8): Undefined variable: javascript in [APP\views\layouts\default.ctp, line 34]
2009-07-02 13:43:15 Debug: Notice (8): Undefined variable: user in [APP\controllers\users_controller.php, line 61]
2009-07-02 13:43:19 Debug: Notice (8): Undefined variable: javascript in [APP\views\layouts\default.ctp, line 34]
2009-07-02 13:43:51 Debug: Notice (8): Undefined variable: loggedIn in [APP\views\layouts\default.ctp, line 51]
2009-07-02 13:43:51 Debug: Notice (8): Undefined variable: ajax in [APP\views\layouts\default.ctp, line 77]
2009-07-02 13:43:52 Debug: Notice (8): Undefined variable: loggedIn in [APP\views\layouts\default.ctp, line 51]
2009-07-02 13:43:52 Debug: Notice (8): Undefined variable: ajax in [APP\views\layouts\default.ctp, line 77]
2009-07-02 13:43:52 Debug: Notice (8): Undefined variable: loggedIn in [APP\views\layouts\default.ctp, line 51]
2009-07-02 13:43:52 Debug: Notice (8): Undefined variable: ajax in [APP\views\layouts\default.ctp, line 77]
2009-07-02 13:43:52 Debug: Notice (8): Undefined variable: loggedIn in [APP\views\layouts\default.ctp, line 51]
2009-07-02 13:43:52 Debug: Notice (8): Undefined variable: ajax in [APP\views\layouts\default.ctp, line 77]
2009-07-02 13:44:06 Debug: Notice (8): Undefined variable: javascript in [APP\views\layouts\default.ctp, line 34]
2009-07-02 13:44:43 Debug: Notice (8): Undefined variable: user in [APP\controllers\users_controller.php, line 61]
2009-07-02 13:44:48 Debug: Notice (8): Undefined variable: javascript in [APP\views\layouts\default.ctp, line 34]
2009-07-02 13:44:58 Debug: Notice (8): Undefined variable: user in [APP\controllers\users_controller.php, line 61]
2009-07-02 13:45:17 Debug: Notice (8): Undefined variable: javascript in [APP\views\layouts\default.ctp, line 34]
2009-07-02 13:48:57 Debug: Notice (8): Undefined variable: javascript in [APP\views\layouts\default.ctp, line 34]
2009-07-02 13:49:02 Debug: Notice (8): Undefined variable: javascript in [APP\views\layouts\default.ctp, line 34]
2009-07-02 13:49:08 Debug: Notice (8): Undefined variable: javascript in [APP\views\layouts\default.ctp, line 34]
2009-07-02 13:57:38 Debug: Notice (8): Undefined variable: javascript in [APP\views\layouts\default.ctp, line 34]
2009-07-02 13:57:56 Debug: Notice (8): Undefined variable: javascript in [APP\views\layouts\default.ctp, line 34]
2009-07-02 13:58:03 Debug: Notice (8): Undefined variable: javascript in [APP\views\layouts\default.ctp, line 34]
2009-07-02 13:59:14 Debug: Notice (8): Undefined variable: javascript in [APP\views\layouts\default.ctp, line 34]
2009-07-02 13:59:26 Debug: Notice (8): Undefined variable: javascript in [APP\views\layouts\default.ctp, line 34]
2009-07-02 13:59:49 Debug: Notice (8): Undefined variable: javascript in [APP\views\layouts\default.ctp, line 34]
2009-07-02 14:00:04 Debug: Notice (8): Undefined variable: javascript in [APP\views\layouts\default.ctp, line 34]
2009-07-02 14:00:04 Debug: Notice (8): Undefined variable: javascript in [APP\views\layouts\default.ctp, line 34]
2009-07-02 14:00:04 Debug: Notice (8): Undefined variable: javascript in [APP\views\layouts\default.ctp, line 34]
2009-07-02 14:00:10 Debug: Notice (8): Undefined variable: javascript in [APP\views\layouts\default.ctp, line 34]
2009-07-02 14:00:11 Debug: Notice (8): Undefined variable: javascript in [APP\views\layouts\default.ctp, line 34]
2009-07-02 14:00:11 Debug: Notice (8): Undefined variable: javascript in [APP\views\layouts\default.ctp, line 34]
2009-07-02 14:12:48 Debug: Notice (8): Undefined variable: javascript in [APP\views\layouts\default.ctp, line 34]
2009-07-02 14:12:48 Debug: Notice (8): Undefined variable: javascript in [APP\views\layouts\default.ctp, line 34]
2009-07-02 14:12:48 Debug: Notice (8): Undefined variable: javascript in [APP\views\layouts\default.ctp, line 34]
2009-07-02 14:13:38 Debug: Notice (8): Undefined variable: user in [APP\controllers\users_controller.php, line 61]
2009-07-02 14:13:51 Debug: Notice (8): Undefined variable: javascript in [APP\views\layouts\default.ctp, line 34]
2009-07-02 19:45:55 Debug: Notice (8): Undefined variable: javascript in [APP\views\layouts\default.ctp, line 34]
2009-07-02 19:45:59 Debug: Notice (8): Undefined variable: user in [APP\controllers\users_controller.php, line 61]
2009-07-08 20:11:16 Debug: Notice (8): Undefined variable: javascript in [APP\views\layouts\default.ctp, line 34]
2009-07-08 20:13:31 Debug: Notice (8): Undefined variable: javascript in [APP\views\layouts\default.ctp, line 34]
