2009-05-21 11:51:50 Warning: Warning (2): Cannot modify header information - headers already sent by (output started at /home/lammoth/public_html/project/app/models/com_activitie.php:2) in [CORE/cake/libs/controller/controller.php, line 640]
2009-05-24 19:51:56 Warning: Warning (2): Invalid argument supplied for foreach() in [APP\views\users\home.ctp, line 21]
2009-05-24 19:54:01 Warning: Warning (2): Invalid argument supplied for foreach() in [APP\views\users\home.ctp, line 21]
2009-05-24 19:54:02 Warning: Warning (2): Invalid argument supplied for foreach() in [APP\views\users\home.ctp, line 21]
2009-05-24 19:54:03 Warning: Warning (2): Invalid argument supplied for foreach() in [APP\views\users\home.ctp, line 21]
2009-05-24 19:54:15 Warning: Warning (2): Invalid argument supplied for foreach() in [APP\views\users\home.ctp, line 20]
2009-05-24 19:54:16 Warning: Warning (2): Invalid argument supplied for foreach() in [APP\views\users\home.ctp, line 20]
2009-05-24 20:08:10 Warning: Warning (2): Invalid argument supplied for foreach() in [APP\views\users\home.ctp, line 20]
2009-05-24 20:18:10 Warning: Warning (512): <span style = "color:Red;text-align:left"><b>SQL Error:</b> 1054: Unknown column 'User.common_data_user_id' in 'on clause'</span> in [CORE\cake\libs\model\datasources\dbo_source.php, line 525]
2009-05-24 20:18:10 Warning: Warning (2): Invalid argument supplied for foreach() in [APP\views\common_data_users\index.ctp, line 5]
2009-05-24 20:18:10 Warning: Warning (512): <span style = "color:Red;text-align:left"><b>SQL Error:</b> 1054: Unknown column 'User.common_data_user_id' in 'on clause'</span> in [CORE\cake\libs\model\datasources\dbo_source.php, line 525]
2009-05-24 20:18:10 Warning: Warning (2): Invalid argument supplied for foreach() in [APP\views\common_data_users\index.ctp, line 5]
2009-05-24 20:18:53 Warning: Warning (512): <span style = "color:Red;text-align:left"><b>SQL Error:</b> 1054: Unknown column 'User.common_data_user_id' in 'on clause'</span> in [CORE\cake\libs\model\datasources\dbo_source.php, line 525]
2009-05-24 20:18:53 Warning: Warning (2): Invalid argument supplied for foreach() in [APP\views\common_data_users\index.ctp, line 5]
2009-05-24 20:18:54 Warning: Warning (512): <span style = "color:Red;text-align:left"><b>SQL Error:</b> 1054: Unknown column 'User.common_data_user_id' in 'on clause'</span> in [CORE\cake\libs\model\datasources\dbo_source.php, line 525]
2009-05-24 20:18:54 Warning: Warning (2): Invalid argument supplied for foreach() in [APP\views\common_data_users\index.ctp, line 5]
2009-05-24 20:21:13 Warning: Warning (2): Invalid argument supplied for foreach() in [APP\views\users\home.ctp, line 20]
2009-05-24 20:23:09 Warning: Warning (2): Invalid argument supplied for foreach() in [APP\views\users\home.ctp, line 20]
2009-05-24 20:23:09 Warning: Warning (2): fopen(E:\Desarrollo_web\xaamp\xampp\htdocs\lammoth_project\app\tmp\cache\persistent\cake_core_dir_map) [<a href='http://php.net/function.fopen'>function.fopen</a>]: failed to open stream: Permission denied in [CORE\cake\libs\file.php, line 156]
2009-05-24 20:23:22 Warning: Warning (2): Invalid argument supplied for foreach() in [APP\views\users\home.ctp, line 20]
2009-05-24 20:23:24 Warning: Warning (2): Invalid argument supplied for foreach() in [APP\views\users\home.ctp, line 20]
2009-05-24 20:23:25 Warning: Warning (2): Invalid argument supplied for foreach() in [APP\views\users\home.ctp, line 20]
2009-05-24 20:23:36 Warning: Warning (2): Cannot modify header information - headers already sent by (output started at E:\Desarrollo_web\xaamp\xampp\htdocs\lammoth_project\app\models\com_activitie.php:2) in [CORE\cake\libs\controller\controller.php, line 640]
2009-05-24 20:26:06 Warning: Warning (2): Invalid argument supplied for foreach() in [APP\views\users\home.ctp, line 21]
2009-05-24 20:26:29 Warning: Warning (2): Invalid argument supplied for foreach() in [APP\views\users\home.ctp, line 21]
2009-05-25 00:21:39 Warning: Warning (512): <span style = "color:Red;text-align:left"><b>SQL Error:</b> 1054: Unknown column 'User.common_data_user_id' in 'on clause'</span> in [CORE\cake\libs\model\datasources\dbo_source.php, line 525]
2009-05-25 00:21:39 Warning: Warning (2): Invalid argument supplied for foreach() in [APP\views\common_data_users\index.ctp, line 5]
2009-05-25 12:16:42 Warning: Warning (512): <span style = "color:Red;text-align:left"><b>SQL Error:</b> 1054: Unknown column 'User.username' in 'where clause'</span> in [CORE\cake\libs\model\datasources\dbo_source.php, line 525]
2009-06-17 20:28:33 Warning: Warning (2): session_start() [<a href='http://php.net/function.session-start'>function.session-start</a>]: open(E:\Desarrollo_web\xaamp\xampp\tmp\sess_c09944eb1beebe782ea8a0ba762b69dc, O_RDWR) failed: Permission denied (13) in [CORE\cake\libs\session.php, line 539]
2009-06-19 14:06:33 Warning: Warning (512): <span style = "color:Red;text-align:left"><b>SQL Error:</b> 1054: Unknown column 'CommonDataUser.id' in 'where clause'</span> in [CORE\cake\libs\model\datasources\dbo_source.php, line 525]
2009-06-19 14:06:41 Warning: Warning (512): <span style = "color:Red;text-align:left"><b>SQL Error:</b> 1054: Unknown column 'ComProfile.id' in 'where clause'</span> in [CORE\cake\libs\model\datasources\dbo_source.php, line 525]
2009-06-19 14:12:11 Warning: Warning (512): Users::isAuthorized() is not defined. in [CORE\cake\libs\controller\controller.php, line 703]
2009-06-19 14:12:11 Warning: Warning (2): Cannot modify header information - headers already sent by (output started at E:\Desarrollo_web\xaamp\xampp\htdocs\lammoth_project\cake\basics.php:111) in [CORE\cake\libs\controller\controller.php, line 640]
2009-06-19 14:13:44 Warning: Warning (512): Users::isAuthorized() is not defined. in [CORE\cake\libs\controller\controller.php, line 703]
2009-06-19 14:13:44 Warning: Warning (2): Cannot modify header information - headers already sent by (output started at E:\Desarrollo_web\xaamp\xampp\htdocs\lammoth_project\cake\basics.php:111) in [CORE\cake\libs\controller\controller.php, line 640]
2009-06-19 14:14:51 Warning: Warning (512): Users::isAuthorized() is not defined. in [CORE\cake\libs\controller\controller.php, line 703]
2009-06-19 14:14:51 Warning: Warning (2): Cannot modify header information - headers already sent by (output started at E:\Desarrollo_web\xaamp\xampp\htdocs\lammoth_project\cake\basics.php:111) in [CORE\cake\libs\controller\controller.php, line 640]
2009-06-19 14:14:53 Warning: Warning (512): Users::isAuthorized() is not defined. in [CORE\cake\libs\controller\controller.php, line 703]
2009-06-19 14:14:53 Warning: Warning (2): Cannot modify header information - headers already sent by (output started at E:\Desarrollo_web\xaamp\xampp\htdocs\lammoth_project\cake\basics.php:111) in [CORE\cake\libs\controller\controller.php, line 640]
2009-06-19 14:14:54 Warning: Warning (512): Users::isAuthorized() is not defined. in [CORE\cake\libs\controller\controller.php, line 703]
2009-06-19 14:14:54 Warning: Warning (2): Cannot modify header information - headers already sent by (output started at E:\Desarrollo_web\xaamp\xampp\htdocs\lammoth_project\cake\basics.php:111) in [CORE\cake\libs\controller\controller.php, line 640]
2009-06-19 14:14:54 Warning: Warning (512): Users::isAuthorized() is not defined. in [CORE\cake\libs\controller\controller.php, line 703]
2009-06-19 14:14:54 Warning: Warning (2): Cannot modify header information - headers already sent by (output started at E:\Desarrollo_web\xaamp\xampp\htdocs\lammoth_project\cake\basics.php:111) in [CORE\cake\libs\controller\controller.php, line 640]
2009-06-19 14:14:54 Warning: Warning (512): Users::isAuthorized() is not defined. in [CORE\cake\libs\controller\controller.php, line 703]
2009-06-19 14:14:54 Warning: Warning (2): Cannot modify header information - headers already sent by (output started at E:\Desarrollo_web\xaamp\xampp\htdocs\lammoth_project\cake\basics.php:111) in [CORE\cake\libs\controller\controller.php, line 640]
2009-06-19 14:21:11 Warning: Warning (512): <span style = "color:Red;text-align:left"><b>SQL Error:</b> 1054: Unknown column 'User.users_id' in 'on clause'</span> in [CORE\cake\libs\model\datasources\dbo_source.php, line 525]
2009-06-19 14:21:22 Warning: Warning (512): <span style = "color:Red;text-align:left"><b>SQL Error:</b> 1054: Unknown column 'User.users_id' in 'on clause'</span> in [CORE\cake\libs\model\datasources\dbo_source.php, line 525]
2009-06-19 14:21:34 Warning: Warning (512): Users::isAuthorized() is not defined. in [CORE\cake\libs\controller\controller.php, line 703]
2009-06-19 14:21:34 Warning: Warning (2): Cannot modify header information - headers already sent by (output started at E:\Desarrollo_web\xaamp\xampp\htdocs\lammoth_project\cake\basics.php:111) in [CORE\cake\libs\controller\controller.php, line 640]
2009-06-19 14:22:27 Warning: Warning (512): Users::isAuthorized() is not defined. in [CORE\cake\libs\controller\controller.php, line 703]
2009-06-19 14:22:27 Warning: Warning (2): Cannot modify header information - headers already sent by (output started at E:\Desarrollo_web\xaamp\xampp\htdocs\lammoth_project\cake\basics.php:111) in [CORE\cake\libs\controller\controller.php, line 640]
2009-06-19 14:23:38 Warning: Warning (512): Users::isAuthorized() is not defined. in [CORE\cake\libs\controller\controller.php, line 703]
2009-06-19 14:23:38 Warning: Warning (2): Cannot modify header information - headers already sent by (output started at E:\Desarrollo_web\xaamp\xampp\htdocs\lammoth_project\cake\basics.php:111) in [CORE\cake\libs\controller\controller.php, line 640]
2009-06-19 16:02:54 Warning: Warning (512): <span style = "color:Red;text-align:left"><b>SQL Error:</b> 1054: Unknown column 'User.users_id' in 'on clause'</span> in [CORE\cake\libs\model\datasources\dbo_source.php, line 525]
2009-06-19 16:07:41 Warning: Warning (512): <span style = "color:Red;text-align:left"><b>SQL Error:</b> 1054: Unknown column 'User.users_id' in 'on clause'</span> in [CORE\cake\libs\model\datasources\dbo_source.php, line 525]
2009-06-19 16:10:06 Warning: Warning (512): <span style = "color:Red;text-align:left"><b>SQL Error:</b> 1054: Unknown column 'User.users_id' in 'on clause'</span> in [CORE\cake\libs\model\datasources\dbo_source.php, line 525]
2009-06-19 16:14:10 Warning: Warning (512): <span style = "color:Red;text-align:left"><b>SQL Error:</b> 1054: Unknown column 'User.users_id' in 'on clause'</span> in [CORE\cake\libs\model\datasources\dbo_source.php, line 525]
2009-06-19 16:26:42 Warning: Warning (512): Users::isAuthorized() is not defined. in [CORE\cake\libs\controller\controller.php, line 703]
2009-06-19 16:26:42 Warning: Warning (2): Cannot modify header information - headers already sent by (output started at E:\Desarrollo_web\xaamp\xampp\htdocs\lammoth_project\cake\basics.php:111) in [CORE\cake\libs\controller\controller.php, line 640]
2009-06-19 16:26:57 Warning: Warning (512): Users::isAuthorized() is not defined. in [CORE\cake\libs\controller\controller.php, line 703]
2009-06-19 16:26:57 Warning: Warning (2): Cannot modify header information - headers already sent by (output started at E:\Desarrollo_web\xaamp\xampp\htdocs\lammoth_project\cake\basics.php:111) in [CORE\cake\libs\controller\controller.php, line 640]
2009-06-19 16:27:03 Warning: Warning (512): Users::isAuthorized() is not defined. in [CORE\cake\libs\controller\controller.php, line 703]
2009-06-19 16:27:03 Warning: Warning (2): Cannot modify header information - headers already sent by (output started at E:\Desarrollo_web\xaamp\xampp\htdocs\lammoth_project\cake\basics.php:111) in [CORE\cake\libs\controller\controller.php, line 640]
2009-06-19 16:27:05 Warning: Warning (512): Users::isAuthorized() is not defined. in [CORE\cake\libs\controller\controller.php, line 703]
2009-06-19 16:27:05 Warning: Warning (2): Cannot modify header information - headers already sent by (output started at E:\Desarrollo_web\xaamp\xampp\htdocs\lammoth_project\cake\basics.php:111) in [CORE\cake\libs\controller\controller.php, line 640]
2009-06-19 16:27:06 Warning: Warning (512): Users::isAuthorized() is not defined. in [CORE\cake\libs\controller\controller.php, line 703]
2009-06-19 16:27:06 Warning: Warning (2): Cannot modify header information - headers already sent by (output started at E:\Desarrollo_web\xaamp\xampp\htdocs\lammoth_project\cake\basics.php:111) in [CORE\cake\libs\controller\controller.php, line 640]
2009-06-19 16:27:06 Warning: Warning (512): Users::isAuthorized() is not defined. in [CORE\cake\libs\controller\controller.php, line 703]
2009-06-19 16:27:06 Warning: Warning (2): Cannot modify header information - headers already sent by (output started at E:\Desarrollo_web\xaamp\xampp\htdocs\lammoth_project\cake\basics.php:111) in [CORE\cake\libs\controller\controller.php, line 640]
2009-06-19 16:27:29 Warning: Warning (512): Users::isAuthorized() is not defined. in [CORE\cake\libs\controller\controller.php, line 703]
2009-06-19 16:27:29 Warning: Warning (2): Cannot modify header information - headers already sent by (output started at E:\Desarrollo_web\xaamp\xampp\htdocs\lammoth_project\cake\basics.php:111) in [CORE\cake\libs\controller\controller.php, line 640]
2009-06-19 16:27:30 Warning: Warning (512): Users::isAuthorized() is not defined. in [CORE\cake\libs\controller\controller.php, line 703]
2009-06-19 16:27:30 Warning: Warning (2): Cannot modify header information - headers already sent by (output started at E:\Desarrollo_web\xaamp\xampp\htdocs\lammoth_project\cake\basics.php:111) in [CORE\cake\libs\controller\controller.php, line 640]
2009-06-19 16:27:59 Warning: Warning (512): Users::isAuthorized() is not defined. in [CORE\cake\libs\controller\controller.php, line 703]
2009-06-19 16:28:00 Warning: Warning (2): Cannot modify header information - headers already sent by (output started at E:\Desarrollo_web\xaamp\xampp\htdocs\lammoth_project\cake\basics.php:111) in [CORE\cake\libs\controller\controller.php, line 640]
2009-06-19 16:43:27 Warning: Warning (512): Users::isAuthorized() is not defined. in [CORE\cake\libs\controller\controller.php, line 703]
2009-06-19 16:43:27 Warning: Warning (2): Cannot modify header information - headers already sent by (output started at E:\Desarrollo_web\xaamp\xampp\htdocs\lammoth_project\cake\basics.php:111) in [CORE\cake\libs\controller\controller.php, line 640]
2009-06-19 16:47:39 Warning: Warning (512): Users::isAuthorized() is not defined. in [CORE\cake\libs\controller\controller.php, line 703]
2009-06-19 16:47:39 Warning: Warning (2): Cannot modify header information - headers already sent by (output started at E:\Desarrollo_web\xaamp\xampp\htdocs\lammoth_project\cake\basics.php:111) in [CORE\cake\libs\controller\controller.php, line 640]
2009-06-19 17:21:04 Warning: Warning (512): Users::isAuthorized() is not defined. in [CORE\cake\libs\controller\controller.php, line 703]
2009-06-19 17:21:04 Warning: Warning (2): Cannot modify header information - headers already sent by (output started at E:\Desarrollo_web\xaamp\xampp\htdocs\lammoth_project\cake\basics.php:111) in [CORE\cake\libs\controller\controller.php, line 640]
2009-07-01 16:14:11 Warning: Warning (2): unlink(E:\Desarrollo_web\xaamp\xampp\htdocs\lammoth_project\app\tmp\cache\models\cake_model_default_users) [<a href='http://php.net/function.unlink'>function.unlink</a>]: No such file or directory in [CORE\cake\libs\file.php, line 292]
2009-07-01 18:06:29 Warning: Warning (2): Missing argument 1 for UsersController::view(), called in E:\Desarrollo_web\xaamp\xampp\htdocs\lammoth_project\cake\libs\object.php on line 115 and defined in [APP\controllers\users_controller.php, line 59]
2009-07-01 18:06:29 Warning: Warning (512): <span style = "color:Red;text-align:left"><b>SQL Error:</b> 1054: Unknown column 'User.username' in 'where clause'</span> in [CORE\cake\libs\model\datasources\dbo_source.php, line 525]
2009-07-01 18:06:30 Warning: Warning (2): Cannot modify header information - headers already sent by (output started at E:\Desarrollo_web\xaamp\xampp\htdocs\lammoth_project\cake\basics.php:111) in [CORE\cake\libs\controller\controller.php, line 640]
2009-07-01 18:07:09 Warning: Warning (2): Missing argument 1 for UsersController::view(), called in E:\Desarrollo_web\xaamp\xampp\htdocs\lammoth_project\cake\libs\object.php on line 115 and defined in [APP\controllers\users_controller.php, line 59]
2009-07-01 18:07:09 Warning: Warning (2): Cannot modify header information - headers already sent by (output started at E:\Desarrollo_web\xaamp\xampp\htdocs\lammoth_project\cake\basics.php:111) in [CORE\cake\libs\controller\controller.php, line 640]
2009-07-01 18:18:40 Warning: Warning (2): Missing argument 1 for UsersController::view(), called in E:\Desarrollo_web\xaamp\xampp\htdocs\lammoth_project\cake\libs\object.php on line 115 and defined in [APP\controllers\users_controller.php, line 59]
2009-07-01 18:18:40 Warning: Warning (2): Cannot modify header information - headers already sent by (output started at E:\Desarrollo_web\xaamp\xampp\htdocs\lammoth_project\cake\basics.php:111) in [CORE\cake\libs\controller\controller.php, line 640]
2009-07-02 11:51:02 Warning: Warning (2): Missing argument 1 for UsersController::view(), called in E:\Desarrollo_web\xaamp\xampp\htdocs\lammoth_project\cake\libs\object.php on line 115 and defined in [APP\controllers\users_controller.php, line 59]
2009-07-02 11:51:02 Warning: Warning (512): <span style = "color:Red;text-align:left"><b>SQL Error:</b> 1054: Unknown column 'User.firstname' in 'where clause'</span> in [CORE\cake\libs\model\datasources\dbo_source.php, line 525]
2009-07-02 11:51:02 Warning: Warning (2): Cannot modify header information - headers already sent by (output started at E:\Desarrollo_web\xaamp\xampp\htdocs\lammoth_project\cake\basics.php:111) in [CORE\cake\libs\controller\controller.php, line 640]
2009-07-02 11:51:57 Warning: Warning (512): <span style = "color:Red;text-align:left"><b>SQL Error:</b> 1054: Unknown column 'User.firstname' in 'where clause'</span> in [CORE\cake\libs\model\datasources\dbo_source.php, line 525]
2009-07-02 11:51:57 Warning: Warning (2): Cannot modify header information - headers already sent by (output started at E:\Desarrollo_web\xaamp\xampp\htdocs\lammoth_project\cake\basics.php:111) in [CORE\cake\libs\controller\controller.php, line 640]
2009-07-02 11:52:23 Warning: Warning (512): <span style = "color:Red;text-align:left"><b>SQL Error:</b> 1054: Unknown column 'User.firstname' in 'where clause'</span> in [CORE\cake\libs\model\datasources\dbo_source.php, line 525]
2009-07-02 11:52:23 Warning: Warning (2): Cannot modify header information - headers already sent by (output started at E:\Desarrollo_web\xaamp\xampp\htdocs\lammoth_project\cake\basics.php:111) in [CORE\cake\libs\controller\controller.php, line 640]
2009-07-02 11:55:51 Warning: Warning (512): <span style = "color:Red;text-align:left"><b>SQL Error:</b> 1054: Unknown column 'User.first_name' in 'where clause'</span> in [CORE\cake\libs\model\datasources\dbo_source.php, line 525]
2009-07-02 11:55:51 Warning: Warning (2): Cannot modify header information - headers already sent by (output started at E:\Desarrollo_web\xaamp\xampp\htdocs\lammoth_project\cake\basics.php:111) in [CORE\cake\libs\controller\controller.php, line 640]
2009-07-02 11:56:00 Warning: Warning (512): <span style = "color:Red;text-align:left"><b>SQL Error:</b> 1054: Unknown column 'User.firstname' in 'where clause'</span> in [CORE\cake\libs\model\datasources\dbo_source.php, line 525]
2009-07-02 11:56:00 Warning: Warning (2): Cannot modify header information - headers already sent by (output started at E:\Desarrollo_web\xaamp\xampp\htdocs\lammoth_project\cake\basics.php:111) in [CORE\cake\libs\controller\controller.php, line 640]
2009-07-02 11:58:52 Warning: Warning (2): Missing argument 1 for UsersController::view(), called in E:\Desarrollo_web\xaamp\xampp\htdocs\lammoth_project\cake\libs\object.php on line 115 and defined in [APP\controllers\users_controller.php, line 59]
2009-07-02 11:58:52 Warning: Warning (2): Cannot modify header information - headers already sent by (output started at E:\Desarrollo_web\xaamp\xampp\htdocs\lammoth_project\cake\basics.php:111) in [CORE\cake\libs\controller\controller.php, line 640]
2009-07-02 11:59:29 Warning: Warning (2): Missing argument 1 for UsersController::view(), called in E:\Desarrollo_web\xaamp\xampp\htdocs\lammoth_project\cake\libs\object.php on line 115 and defined in [APP\controllers\users_controller.php, line 59]
2009-07-02 11:59:29 Warning: Warning (2): Cannot modify header information - headers already sent by (output started at E:\Desarrollo_web\xaamp\xampp\htdocs\lammoth_project\cake\basics.php:111) in [CORE\cake\libs\controller\controller.php, line 640]
2009-07-02 12:03:53 Warning: Warning (2): Missing argument 1 for UsersController::view(), called in E:\Desarrollo_web\xaamp\xampp\htdocs\lammoth_project\cake\libs\object.php on line 115 and defined in [APP\controllers\users_controller.php, line 59]
2009-07-02 12:11:11 Warning: Warning (512): <span style = "color:Red;text-align:left"><b>SQL Error:</b> 1054: Unknown column 'User.firstname' in 'where clause'</span> in [CORE\cake\libs\model\datasources\dbo_source.php, line 525]
2009-07-02 12:11:11 Warning: Warning (2): Cannot modify header information - headers already sent by (output started at E:\Desarrollo_web\xaamp\xampp\htdocs\lammoth_project\cake\basics.php:111) in [CORE\cake\libs\controller\controller.php, line 640]
2009-07-02 12:14:24 Warning: Warning (2): Missing argument 1 for UsersController::view(), called in E:\Desarrollo_web\xaamp\xampp\htdocs\lammoth_project\cake\libs\object.php on line 115 and defined in [APP\controllers\users_controller.php, line 59]
2009-07-02 12:14:24 Warning: Warning (2): Cannot modify header information - headers already sent by (output started at E:\Desarrollo_web\xaamp\xampp\htdocs\lammoth_project\cake\basics.php:111) in [CORE\cake\libs\controller\controller.php, line 640]
2009-07-02 12:14:49 Warning: Warning (2): Missing argument 1 for UsersController::view(), called in E:\Desarrollo_web\xaamp\xampp\htdocs\lammoth_project\cake\libs\object.php on line 115 and defined in [APP\controllers\users_controller.php, line 59]
2009-07-02 12:14:49 Warning: Warning (2): Cannot modify header information - headers already sent by (output started at E:\Desarrollo_web\xaamp\xampp\htdocs\lammoth_project\cake\basics.php:111) in [CORE\cake\libs\controller\controller.php, line 640]
2009-07-02 12:17:29 Warning: Warning (2): Invalid argument supplied for foreach() in [APP\views\users\view.ctp, line 3]
2009-07-02 12:17:49 Warning: Warning (2): Invalid argument supplied for foreach() in [APP\views\users\view.ctp, line 3]
2009-07-02 12:18:35 Warning: Warning (2): Invalid argument supplied for foreach() in [APP\views\users\view.ctp, line 3]
2009-07-02 12:34:13 Warning: Warning (2): Missing argument 1 for UsersController::view(), called in E:\Desarrollo_web\xaamp\xampp\htdocs\lammoth_project\cake\libs\object.php on line 115 and defined in [APP\controllers\users_controller.php, line 59]
2009-07-02 12:34:13 Warning: Warning (2): Cannot modify header information - headers already sent by (output started at E:\Desarrollo_web\xaamp\xampp\htdocs\lammoth_project\cake\basics.php:111) in [CORE\cake\libs\controller\controller.php, line 640]
2009-07-02 12:35:31 Warning: Warning (2): Missing argument 1 for UsersController::view(), called in E:\Desarrollo_web\xaamp\xampp\htdocs\lammoth_project\cake\libs\object.php on line 115 and defined in [APP\controllers\users_controller.php, line 59]
2009-07-02 12:35:31 Warning: Warning (2): Cannot modify header information - headers already sent by (output started at E:\Desarrollo_web\xaamp\xampp\htdocs\lammoth_project\cake\basics.php:111) in [CORE\cake\libs\controller\controller.php, line 640]
2009-07-02 13:37:21 Warning: Warning (2): Missing argument 1 for UsersController::view(), called in E:\Desarrollo_web\xaamp\xampp\htdocs\lammoth_project\cake\libs\object.php on line 115 and defined in [APP\controllers\users_controller.php, line 59]
2009-07-02 13:37:21 Warning: Warning (2): Cannot modify header information - headers already sent by (output started at E:\Desarrollo_web\xaamp\xampp\htdocs\lammoth_project\cake\basics.php:111) in [CORE\cake\libs\controller\controller.php, line 640]
2009-07-02 13:39:28 Warning: Warning (2): Missing argument 1 for UsersController::view(), called in E:\Desarrollo_web\xaamp\xampp\htdocs\lammoth_project\cake\libs\object.php on line 115 and defined in [APP\controllers\users_controller.php, line 59]
2009-07-02 13:39:28 Warning: Warning (2): Cannot modify header information - headers already sent by (output started at E:\Desarrollo_web\xaamp\xampp\htdocs\lammoth_project\cake\basics.php:111) in [CORE\cake\libs\controller\controller.php, line 640]
2009-07-02 13:40:14 Warning: Warning (2): unlink(E:\Desarrollo_web\xaamp\xampp\htdocs\lammoth_project\app\tmp\cache\persistent\cake_core_core_paths) [<a href='http://php.net/function.unlink'>function.unlink</a>]: Permission denied in [CORE\cake\libs\file.php, line 292]
2009-07-02 13:40:14 Warning: Warning (2): touch() [<a href='http://php.net/function.touch'>function.touch</a>]: Utime failed: Permission denied in [CORE\cake\libs\file.php, line 130]
2009-07-02 13:40:14 Warning: Warning (2): unlink(E:\Desarrollo_web\xaamp\xampp\htdocs\lammoth_project\app\tmp\cache\models\cake_model_default_common_data_users) [<a href='http://php.net/function.unlink'>function.unlink</a>]: Permission denied in [CORE\cake\libs\file.php, line 292]
2009-07-02 13:40:14 Warning: Warning (2): fopen(E:\Desarrollo_web\xaamp\xampp\htdocs\lammoth_project\app\tmp\cache\models\cake_model_default_common_data_users) [<a href='http://php.net/function.fopen'>function.fopen</a>]: failed to open stream: Permission denied in [CORE\cake\libs\file.php, line 156]
2009-07-02 13:40:14 Warning: Warning (2): fopen(E:\Desarrollo_web\xaamp\xampp\htdocs\lammoth_project\app\tmp\cache\models\cake_model_default_com_profiles) [<a href='http://php.net/function.fopen'>function.fopen</a>]: failed to open stream: Permission denied in [CORE\cake\libs\file.php, line 156]
2009-07-02 13:40:14 Warning: Warning (2): fopen(E:\Desarrollo_web\xaamp\xampp\htdocs\lammoth_project\app\tmp\cache\models\cake_model_default_com_profiles) [<a href='http://php.net/function.fopen'>function.fopen</a>]: failed to open stream: Permission denied in [CORE\cake\libs\file.php, line 156]
2009-07-02 13:40:14 Warning: Warning (2): unlink(E:\Desarrollo_web\xaamp\xampp\htdocs\lammoth_project\app\tmp\cache\models\cake_model_default_com_activities) [<a href='http://php.net/function.unlink'>function.unlink</a>]: No such file or directory in [CORE\cake\libs\file.php, line 292]
2009-07-02 13:40:14 Warning: Warning (2): Cannot modify header information - headers already sent by (output started at E:\Desarrollo_web\xaamp\xampp\htdocs\lammoth_project\cake\basics.php:111) in [CORE\cake\libs\controller\controller.php, line 640]
2009-07-02 13:40:14 Warning: Warning (2): Cannot modify header information - headers already sent by (output started at E:\Desarrollo_web\xaamp\xampp\htdocs\lammoth_project\cake\basics.php:111) in [CORE\cake\libs\controller\controller.php, line 640]
2009-07-02 13:40:14 Warning: Warning (2): Cannot modify header information - headers already sent by (output started at E:\Desarrollo_web\xaamp\xampp\htdocs\lammoth_project\cake\basics.php:111) in [CORE\cake\libs\controller\controller.php, line 640]
2009-07-02 13:40:14 Warning: Warning (2): fopen(E:\Desarrollo_web\xaamp\xampp\htdocs\lammoth_project\app\tmp\cache\persistent\cake_core_default_es_es) [<a href='http://php.net/function.fopen'>function.fopen</a>]: failed to open stream: Permission denied in [CORE\cake\libs\file.php, line 156]
2009-07-02 13:40:14 Warning: Warning (2): touch() [<a href='http://php.net/function.touch'>function.touch</a>]: Utime failed: Permission denied in [CORE\cake\libs\file.php, line 130]
2009-07-02 13:40:19 Warning: Warning (2): Missing argument 1 for UsersController::view(), called in E:\Desarrollo_web\xaamp\xampp\htdocs\lammoth_project\cake\libs\object.php on line 115 and defined in [APP\controllers\users_controller.php, line 59]
2009-07-02 13:40:19 Warning: Warning (2): Cannot modify header information - headers already sent by (output started at E:\Desarrollo_web\xaamp\xampp\htdocs\lammoth_project\cake\basics.php:111) in [CORE\cake\libs\controller\controller.php, line 640]
2009-07-02 13:43:15 Warning: Warning (2): Missing argument 1 for UsersController::view(), called in E:\Desarrollo_web\xaamp\xampp\htdocs\lammoth_project\cake\libs\object.php on line 115 and defined in [APP\controllers\users_controller.php, line 59]
2009-07-02 13:43:15 Warning: Warning (2): Cannot modify header information - headers already sent by (output started at E:\Desarrollo_web\xaamp\xampp\htdocs\lammoth_project\cake\basics.php:111) in [CORE\cake\libs\controller\controller.php, line 640]
2009-07-02 13:44:43 Warning: Warning (2): Missing argument 1 for UsersController::view(), called in E:\Desarrollo_web\xaamp\xampp\htdocs\lammoth_project\cake\libs\object.php on line 115 and defined in [APP\controllers\users_controller.php, line 59]
2009-07-02 13:44:43 Warning: Warning (2): Cannot modify header information - headers already sent by (output started at E:\Desarrollo_web\xaamp\xampp\htdocs\lammoth_project\cake\basics.php:111) in [CORE\cake\libs\controller\controller.php, line 640]
2009-07-02 13:44:58 Warning: Warning (2): Missing argument 1 for UsersController::view(), called in E:\Desarrollo_web\xaamp\xampp\htdocs\lammoth_project\cake\libs\object.php on line 115 and defined in [APP\controllers\users_controller.php, line 59]
2009-07-02 13:44:58 Warning: Warning (2): Cannot modify header information - headers already sent by (output started at E:\Desarrollo_web\xaamp\xampp\htdocs\lammoth_project\cake\basics.php:111) in [CORE\cake\libs\controller\controller.php, line 640]
2009-07-02 13:57:38 Warning: Warning (2): preg_match() [<a href='http://php.net/function.preg-match'>function.preg-match</a>]: Compilation failed: unrecognized character after (? or (?- at offset 4 in [CORE\cake\libs\router.php, line 500]
2009-07-02 13:57:56 Warning: Warning (2): preg_match() [<a href='http://php.net/function.preg-match'>function.preg-match</a>]: Compilation failed: unrecognized character after (? or (?- at offset 4 in [CORE\cake\libs\router.php, line 500]
2009-07-02 13:58:03 Warning: Warning (2): preg_match() [<a href='http://php.net/function.preg-match'>function.preg-match</a>]: Compilation failed: unrecognized character after (? or (?- at offset 4 in [CORE\cake\libs\router.php, line 500]
2009-07-02 14:13:38 Warning: Warning (2): Missing argument 1 for UsersController::view(), called in E:\Desarrollo_web\xaamp\xampp\htdocs\lammoth_project\cake\libs\object.php on line 115 and defined in [APP\controllers\users_controller.php, line 59]
2009-07-02 14:13:38 Warning: Warning (2): Cannot modify header information - headers already sent by (output started at E:\Desarrollo_web\xaamp\xampp\htdocs\lammoth_project\cake\basics.php:111) in [CORE\cake\libs\controller\controller.php, line 640]
2009-07-02 19:45:59 Warning: Warning (2): Missing argument 1 for UsersController::view(), called in E:\Desarrollo_web\xaamp\xampp\htdocs\lammoth_project\cake\libs\object.php on line 115 and defined in [APP\controllers\users_controller.php, line 59]
2009-07-02 19:45:59 Warning: Warning (2): Cannot modify header information - headers already sent by (output started at E:\Desarrollo_web\xaamp\xampp\htdocs\lammoth_project\cake\basics.php:111) in [CORE\cake\libs\controller\controller.php, line 640]
2009-07-05 13:40:47 Warning: Warning (2): touch() [<a href='http://php.net/function.touch'>function.touch</a>]: Utime failed: Permission denied in [CORE\cake\libs\file.php, line 130]
2009-07-07 09:46:03 Warning: Warning (2): unlink(E:\Desarrollo_web\xaamp\xampp\htdocs\lammoth_project\app\tmp\cache\models\cake_model_default_lammoth_project_list) [<a href='http://php.net/function.unlink'>function.unlink</a>]: Permission denied in [CORE\cake\libs\file.php, line 292]
2009-07-07 09:46:03 Warning: Warning (2): fopen(E:\Desarrollo_web\xaamp\xampp\htdocs\lammoth_project\app\tmp\cache\models\cake_model_default_lammoth_project_list) [<a href='http://php.net/function.fopen'>function.fopen</a>]: failed to open stream: Permission denied in [CORE\cake\libs\file.php, line 156]
2009-07-07 09:46:03 Warning: Warning (2): touch() [<a href='http://php.net/function.touch'>function.touch</a>]: Utime failed: Permission denied in [CORE\cake\libs\file.php, line 130]
2009-07-07 09:46:03 Warning: Warning (2): unlink(E:\Desarrollo_web\xaamp\xampp\htdocs\lammoth_project\app\tmp\cache\models\cake_model_default_common_data_users) [<a href='http://php.net/function.unlink'>function.unlink</a>]: Permission denied in [CORE\cake\libs\file.php, line 292]
2009-07-07 09:46:03 Warning: Warning (2): unlink(E:\Desarrollo_web\xaamp\xampp\htdocs\lammoth_project\app\tmp\cache\models\cake_model_default_com_profiles) [<a href='http://php.net/function.unlink'>function.unlink</a>]: Permission denied in [CORE\cake\libs\file.php, line 292]
2009-07-07 09:46:03 Warning: Warning (2): fopen(E:\Desarrollo_web\xaamp\xampp\htdocs\lammoth_project\app\tmp\cache\models\cake_model_default_com_profiles) [<a href='http://php.net/function.fopen'>function.fopen</a>]: failed to open stream: Permission denied in [CORE\cake\libs\file.php, line 156]
2009-07-07 09:46:03 Warning: Warning (2): unlink(E:\Desarrollo_web\xaamp\xampp\htdocs\lammoth_project\app\tmp\cache\models\cake_model_default_com_sectors_activities) [<a href='http://php.net/function.unlink'>function.unlink</a>]: Permission denied in [CORE\cake\libs\file.php, line 292]
2009-07-07 09:46:03 Warning: Warning (2): touch() [<a href='http://php.net/function.touch'>function.touch</a>]: Unable to create file E:\Desarrollo_web\xaamp\xampp\htdocs\lammoth_project\app\tmp\cache\models\cake_model_default_com_activities because Permission denied in [CORE\cake\libs\file.php, line 130]
2009-07-07 09:46:04 Warning: Warning (2): touch() [<a href='http://php.net/function.touch'>function.touch</a>]: Utime failed: Permission denied in [CORE\cake\libs\file.php, line 130]
2009-07-07 09:46:04 Warning: Warning (2): touch() [<a href='http://php.net/function.touch'>function.touch</a>]: Unable to create file E:\Desarrollo_web\xaamp\xampp\htdocs\lammoth_project\app\tmp\cache\persistent\cake_core_file_map because Permission denied in [CORE\cake\libs\file.php, line 130]
2009-07-07 10:18:05 Warning: Warning (2): touch() [<a href='http://php.net/function.touch'>function.touch</a>]: Utime failed: Permission denied in [CORE\cake\libs\file.php, line 130]
2009-07-07 10:18:05 Warning: Warning (2): touch() [<a href='http://php.net/function.touch'>function.touch</a>]: Utime failed: Permission denied in [CORE\cake\libs\file.php, line 130]
2009-07-07 10:18:06 Warning: Warning (2): fopen(E:\Desarrollo_web\xaamp\xampp\htdocs\lammoth_project\app\tmp\cache\models\cake_model_default_lammoth_project_list) [<a href='http://php.net/function.fopen'>function.fopen</a>]: failed to open stream: Permission denied in [CORE\cake\libs\file.php, line 156]
2009-07-07 10:18:06 Warning: Warning (2): fopen(E:\Desarrollo_web\xaamp\xampp\htdocs\lammoth_project\app\tmp\cache\models\cake_model_default_users) [<a href='http://php.net/function.fopen'>function.fopen</a>]: failed to open stream: Permission denied in [CORE\cake\libs\file.php, line 156]
2009-07-07 10:18:06 Warning: Warning (2): touch() [<a href='http://php.net/function.touch'>function.touch</a>]: Unable to create file E:\Desarrollo_web\xaamp\xampp\htdocs\lammoth_project\app\tmp\cache\models\cake_model_default_common_data_users because Permission denied in [CORE\cake\libs\file.php, line 130]
2009-07-07 10:18:06 Warning: Warning (2): fopen(E:\Desarrollo_web\xaamp\xampp\htdocs\lammoth_project\app\tmp\cache\models\cake_model_default_com_profiles) [<a href='http://php.net/function.fopen'>function.fopen</a>]: failed to open stream: Permission denied in [CORE\cake\libs\file.php, line 156]
2009-07-07 10:18:06 Warning: Warning (2): touch() [<a href='http://php.net/function.touch'>function.touch</a>]: Utime failed: Permission denied in [CORE\cake\libs\file.php, line 130]
2009-07-07 10:18:06 Warning: Warning (2): fopen(E:\Desarrollo_web\xaamp\xampp\htdocs\lammoth_project\app\tmp\cache\models\cake_model_default_com_sectors_activities) [<a href='http://php.net/function.fopen'>function.fopen</a>]: failed to open stream: Permission denied in [CORE\cake\libs\file.php, line 156]
2009-07-07 10:18:06 Warning: Warning (2): fopen(E:\Desarrollo_web\xaamp\xampp\htdocs\lammoth_project\app\tmp\cache\models\cake_model_default_com_activities) [<a href='http://php.net/function.fopen'>function.fopen</a>]: failed to open stream: Permission denied in [CORE\cake\libs\file.php, line 156]
2009-07-07 10:18:06 Warning: Warning (2): Cannot modify header information - headers already sent by (output started at E:\Desarrollo_web\xaamp\xampp\htdocs\lammoth_project\cake\basics.php:111) in [CORE\cake\libs\controller\controller.php, line 640]
2009-07-07 10:18:06 Warning: Warning (2): Cannot modify header information - headers already sent by (output started at E:\Desarrollo_web\xaamp\xampp\htdocs\lammoth_project\cake\basics.php:111) in [CORE\cake\libs\controller\controller.php, line 640]
2009-07-07 10:18:06 Warning: Warning (2): fopen(E:\Desarrollo_web\xaamp\xampp\htdocs\lammoth_project\app\tmp\cache\persistent\cake_core_file_map) [<a href='http://php.net/function.fopen'>function.fopen</a>]: failed to open stream: Permission denied in [CORE\cake\libs\file.php, line 156]
2009-07-08 20:11:16 Warning: Warning (2): mysql_connect() [<a href='http://php.net/function.mysql-connect'>function.mysql-connect</a>]: Access denied for user 'root'@'localhost' (using password: YES) in [CORE\cake\libs\model\datasources\dbo\dbo_mysql.php, line 374]
2009-07-08 20:11:16 Warning: Warning (2): mysql_select_db(): supplied argument is not a valid MySQL-Link resource in [CORE\cake\libs\model\datasources\dbo\dbo_mysql.php, line 379]
2009-07-08 20:11:16 Warning: Warning (2): mysql_get_server_info(): supplied argument is not a valid MySQL-Link resource in [CORE\cake\libs\model\datasources\dbo\dbo_mysql.php, line 387]
2009-07-08 20:11:16 Warning: Warning (2): mysql_query(): supplied argument is not a valid MySQL-Link resource in [CORE\cake\libs\model\datasources\dbo\dbo_mysql.php, line 411]
2009-07-08 20:13:31 Warning: Warning (2): mysql_connect() [<a href='http://php.net/function.mysql-connect'>function.mysql-connect</a>]: Access denied for user 'root'@'localhost' (using password: YES) in [CORE\cake\libs\model\datasources\dbo\dbo_mysql.php, line 374]
2009-07-08 20:13:31 Warning: Warning (2): mysql_select_db(): supplied argument is not a valid MySQL-Link resource in [CORE\cake\libs\model\datasources\dbo\dbo_mysql.php, line 379]
2009-07-08 20:13:31 Warning: Warning (2): mysql_get_server_info(): supplied argument is not a valid MySQL-Link resource in [CORE\cake\libs\model\datasources\dbo\dbo_mysql.php, line 387]
2009-07-08 20:13:31 Warning: Warning (2): mysql_query(): supplied argument is not a valid MySQL-Link resource in [CORE\cake\libs\model\datasources\dbo\dbo_mysql.php, line 411]
